2025-10-12 20:04:19 [scrapy.utils.log] INFO: Scrapy 2.13.3 started (bot: usm_crawler)
2025-10-12 20:04:19 [scrapy.utils.log] INFO: Versions:
{'lxml': '5.4.0',
 'libxml2': '2.11.9',
 'cssselect': '1.3.0',
 'parsel': '1.10.0',
 'w3lib': '2.3.1',
 'Twisted': '25.5.0',
 'Python': '3.13.3 (tags/v3.13.3:6280bb5, Apr  8 2025, 14:47:33) [MSC v.1943 '
           '64 bit (AMD64)]',
 'pyOpenSSL': '25.1.0 (OpenSSL 3.5.2 5 Aug 2025)',
 'cryptography': '45.0.7',
 'Platform': 'Windows-11-10.0.26100-SP0'}
2025-10-12 20:04:19 [scrapy.addons] INFO: Enabled addons:
[]
2025-10-12 20:04:19 [py.warnings] WARNING: C:\Users\sheik\AppData\Roaming\Python\Python313\site-packages\scrapy\utils\request.py:120: ScrapyDeprecationWarning: 'REQUEST_FINGERPRINTER_IMPLEMENTATION' is a deprecated setting.
It will be removed in a future version of Scrapy.
  return cls(crawler)

2025-10-12 20:04:19 [scrapy.middleware] INFO: Enabled extensions:
['scrapy.extensions.corestats.CoreStats',
 'scrapy.extensions.memdebug.MemoryDebugger',
 'scrapy.extensions.logstats.LogStats',
 'scrapy.extensions.throttle.AutoThrottle']
2025-10-12 20:04:19 [scrapy.crawler] INFO: Overridden settings:
{'AUTOTHROTTLE_ENABLED': True,
 'AUTOTHROTTLE_MAX_DELAY': 10,
 'AUTOTHROTTLE_START_DELAY': 1,
 'AUTOTHROTTLE_TARGET_CONCURRENCY': 2.0,
 'BOT_NAME': 'usm_crawler',
 'CONCURRENT_REQUESTS': '10',
 'CONCURRENT_REQUESTS_PER_DOMAIN': '10',
 'COOKIES_ENABLED': False,
 'DOWNLOAD_DELAY': '1.0',
 'DOWNLOAD_TIMEOUT': 30,
 'LOG_FILE': 'usm_crawl.log',
 'LOG_LEVEL': 'INFO',
 'MEMDEBUG_ENABLED': True,
 'MEMUSAGE_LIMIT_MB': 2048,
 'MEMUSAGE_WARNING_MB': 1024,
 'NEWSPIDER_MODULE': 'usm_crawler.spiders',
 'RANDOMIZE_DOWNLOAD_DELAY': 0.2,
 'REQUEST_FINGERPRINTER_IMPLEMENTATION': '2.7',
 'RETRY_HTTP_CODES': [500, 502, 503, 504, 408, 429],
 'RETRY_TIMES': 3,
 'ROBOTSTXT_OBEY': True,
 'SPIDER_MODULES': ['usm_crawler.spiders'],
 'TELNETCONSOLE_ENABLED': False,
 'USER_AGENT': 'USM Research Bot (+https://www.usm.edu)'}
2025-10-12 20:04:19 [scrapy.middleware] INFO: Enabled downloader middlewares:
['scrapy.downloadermiddlewares.offsite.OffsiteMiddleware',
 'scrapy.downloadermiddlewares.robotstxt.RobotsTxtMiddleware',
 'scrapy.downloadermiddlewares.httpauth.HttpAuthMiddleware',
 'scrapy.downloadermiddlewares.downloadtimeout.DownloadTimeoutMiddleware',
 'scrapy.downloadermiddlewares.defaultheaders.DefaultHeadersMiddleware',
 'scrapy.downloadermiddlewares.useragent.UserAgentMiddleware',
 'scrapy.downloadermiddlewares.retry.RetryMiddleware',
 'scrapy.downloadermiddlewares.redirect.MetaRefreshMiddleware',
 'scrapy.downloadermiddlewares.httpcompression.HttpCompressionMiddleware',
 'scrapy.downloadermiddlewares.redirect.RedirectMiddleware',
 'scrapy.downloadermiddlewares.httpproxy.HttpProxyMiddleware',
 'scrapy.downloadermiddlewares.stats.DownloaderStats']
2025-10-12 20:04:19 [scrapy.middleware] INFO: Enabled spider middlewares:
['scrapy.spidermiddlewares.start.StartSpiderMiddleware',
 'scrapy.spidermiddlewares.httperror.HttpErrorMiddleware',
 'scrapy.spidermiddlewares.referer.RefererMiddleware',
 'scrapy.spidermiddlewares.urllength.UrlLengthMiddleware',
 'scrapy.spidermiddlewares.depth.DepthMiddleware']
2025-10-12 20:04:19 [scrapy.middleware] INFO: Enabled item pipelines:
[]
2025-10-12 20:04:19 [scrapy.core.engine] INFO: Spider opened
2025-10-12 20:04:19 [py.warnings] WARNING: C:\Users\sheik\AppData\Roaming\Python\Python313\site-packages\scrapy\core\spidermw.py:433: ScrapyDeprecationWarning: usm_crawler.spiders.usm_spider.UsmSpider defines the deprecated start_requests() method. start_requests() has been deprecated in favor of a new method, start(), to support asynchronous code execution. start_requests() will stop being called in a future version of Scrapy. If you use Scrapy 2.13 or higher only, replace start_requests() with start(); note that start() is a coroutine (async def). If you need to maintain compatibility with lower Scrapy versions, when overriding start_requests() in a spider class, override start() as well; you can use super() to reuse the inherited start() implementation without copy-pasting. See the release notes of Scrapy 2.13 for details: https://docs.scrapy.org/en/2.13/news.html
  warn(

2025-10-12 20:04:19 [scrapy.extensions.logstats] INFO: Crawled 0 pages (at 0 pages/min), scraped 0 items (at 0 items/min)
2025-10-12 20:04:23 [usm_spider] INFO: Skipping https://www.usm.edu/academics/ - insufficient content
2025-10-12 20:04:25 [usm_spider] INFO: Skipping https://www.usm.edu/research/ - insufficient content
2025-10-12 20:04:27 [usm_spider] WARNING: Skipping https://www.usm.edu/about-usm/ - Status: 404
2025-10-12 20:04:27 [scrapy.core.engine] INFO: Closing spider (finished)
2025-10-12 20:04:27 [usm_spider] INFO: Spider closed: finished
2025-10-12 20:04:27 [usm_spider] INFO: Total pages crawled: 7
2025-10-12 20:04:27 [usm_spider] INFO: Total results saved: 4
2025-10-12 20:04:27 [usm_spider] INFO: Saved 4 results to usm_crawl_results_20251012_200419.json
2025-10-12 20:04:27 [usm_spider] INFO: Average content length: 2137 characters
2025-10-12 20:04:27 [usm_spider] INFO: Total content: 8,548 characters
2025-10-12 20:04:27 [scrapy.statscollectors] INFO: Dumping Scrapy stats:
{'downloader/request_bytes': 1807,
 'downloader/request_count': 8,
 'downloader/request_method_count/GET': 8,
 'downloader/response_bytes': 95619,
 'downloader/response_count': 8,
 'downloader/response_status_count/200': 5,
 'downloader/response_status_count/302': 2,
 'downloader/response_status_count/404': 1,
 'elapsed_time_seconds': 7.286615,
 'finish_reason': 'finished',
 'finish_time': datetime.datetime(2025, 10, 13, 1, 4, 27, 283948, tzinfo=datetime.timezone.utc),
 'httpcompression/response_bytes': 233192,
 'httpcompression/response_count': 5,
 'items_per_minute': 0.0,
 'log_count/INFO': 16,
 'log_count/WARNING': 3,
 'memdebug/gc_garbage_count': 0,
 'memdebug/live_refs/UsmSpider': 1,
 'response_received_count': 8,
 'responses_per_minute': 68.57142857142857,
 'robotstxt/request_count': 1,
 'robotstxt/response_count': 1,
 'robotstxt/response_status_count/200': 1,
 'scheduler/dequeued': 7,
 'scheduler/dequeued/memory': 7,
 'scheduler/enqueued': 7,
 'scheduler/enqueued/memory': 7,
 'start_time': datetime.datetime(2025, 10, 13, 1, 4, 19, 997333, tzinfo=datetime.timezone.utc)}
2025-10-12 20:04:27 [scrapy.core.engine] INFO: Spider closed (finished)
2025-10-12 20:12:53 [twisted] CRITICAL: Unhandled error in Deferred:
2025-10-12 20:12:53 [twisted] CRITICAL: 
Traceback (most recent call last):
  File "C:\Users\sheik\AppData\Roaming\Python\Python313\site-packages\scrapy\settings\__init__.py", line 170, in getbool
    return bool(int(got))
                ~~~^^^^^
ValueError: invalid literal for int() with base 10: '0.01'

During handling of the above exception, another exception occurred:

Traceback (most recent call last):
  File "C:\Users\sheik\AppData\Roaming\Python\Python313\site-packages\twisted\internet\defer.py", line 1857, in _inlineCallbacks
    result = context.run(gen.send, result)
  File "C:\Users\sheik\AppData\Roaming\Python\Python313\site-packages\scrapy\crawler.py", line 156, in crawl
    self.engine = self._create_engine()
                  ~~~~~~~~~~~~~~~~~~~^^
  File "C:\Users\sheik\AppData\Roaming\Python\Python313\site-packages\scrapy\crawler.py", line 169, in _create_engine
    return ExecutionEngine(self, lambda _: self.stop())
  File "C:\Users\sheik\AppData\Roaming\Python\Python313\site-packages\scrapy\core\engine.py", line 113, in __init__
    self.downloader: Downloader = downloader_cls(crawler)
                                  ~~~~~~~~~~~~~~^^^^^^^^^
  File "C:\Users\sheik\AppData\Roaming\Python\Python313\site-packages\scrapy\core\downloader\__init__.py", line 107, in __init__
    self.randomize_delay: bool = self.settings.getbool("RANDOMIZE_DOWNLOAD_DELAY")
                                 ~~~~~~~~~~~~~~~~~~~~~^^^^^^^^^^^^^^^^^^^^^^^^^^^^
  File "C:\Users\sheik\AppData\Roaming\Python\Python313\site-packages\scrapy\settings\__init__.py", line 176, in getbool
    raise ValueError(
    ...<3 lines>...
    )
ValueError: Supported values for boolean settings are 0/1, True/False, '0'/'1', 'True'/'False' and 'true'/'false'
2025-10-12 20:22:32 [scrapy.utils.log] INFO: Scrapy 2.13.3 started (bot: usm_crawler)
2025-10-12 20:22:32 [scrapy.utils.log] INFO: Versions:
{'lxml': '5.4.0',
 'libxml2': '2.11.9',
 'cssselect': '1.3.0',
 'parsel': '1.10.0',
 'w3lib': '2.3.1',
 'Twisted': '25.5.0',
 'Python': '3.13.3 (tags/v3.13.3:6280bb5, Apr  8 2025, 14:47:33) [MSC v.1943 '
           '64 bit (AMD64)]',
 'pyOpenSSL': '25.1.0 (OpenSSL 3.5.2 5 Aug 2025)',
 'cryptography': '45.0.7',
 'Platform': 'Windows-11-10.0.26100-SP0'}
2025-10-12 20:22:32 [scrapy.addons] INFO: Enabled addons:
[]
2025-10-12 20:22:32 [py.warnings] WARNING: C:\Users\sheik\AppData\Roaming\Python\Python313\site-packages\scrapy\utils\request.py:120: ScrapyDeprecationWarning: 'REQUEST_FINGERPRINTER_IMPLEMENTATION' is a deprecated setting.
It will be removed in a future version of Scrapy.
  return cls(crawler)

2025-10-12 20:22:32 [scrapy.middleware] INFO: Enabled extensions:
['scrapy.extensions.corestats.CoreStats',
 'scrapy.extensions.memdebug.MemoryDebugger',
 'scrapy.extensions.logstats.LogStats',
 'scrapy.extensions.throttle.AutoThrottle']
2025-10-12 20:22:32 [scrapy.crawler] INFO: Overridden settings:
{'AUTOTHROTTLE_ENABLED': True,
 'AUTOTHROTTLE_MAX_DELAY': 10,
 'AUTOTHROTTLE_START_DELAY': 1,
 'AUTOTHROTTLE_TARGET_CONCURRENCY': 2.0,
 'BOT_NAME': 'usm_crawler',
 'CONCURRENT_REQUESTS': '50',
 'CONCURRENT_REQUESTS_PER_DOMAIN': '20',
 'COOKIES_ENABLED': False,
 'DOWNLOAD_DELAY': '0.1',
 'DOWNLOAD_TIMEOUT': 30,
 'LOG_FILE': 'usm_crawl.log',
 'LOG_LEVEL': 'INFO',
 'MEMDEBUG_ENABLED': True,
 'MEMUSAGE_LIMIT_MB': 2048,
 'MEMUSAGE_WARNING_MB': 1024,
 'NEWSPIDER_MODULE': 'usm_crawler.spiders',
 'RANDOMIZE_DOWNLOAD_DELAY': 0.2,
 'REQUEST_FINGERPRINTER_IMPLEMENTATION': '2.7',
 'RETRY_HTTP_CODES': [500, 502, 503, 504, 408, 429],
 'RETRY_TIMES': 3,
 'ROBOTSTXT_OBEY': True,
 'SPIDER_MODULES': ['usm_crawler.spiders'],
 'TELNETCONSOLE_ENABLED': False,
 'USER_AGENT': 'USM Research Bot (+https://www.usm.edu)'}
2025-10-12 20:22:32 [scrapy.middleware] INFO: Enabled downloader middlewares:
['scrapy.downloadermiddlewares.offsite.OffsiteMiddleware',
 'scrapy.downloadermiddlewares.robotstxt.RobotsTxtMiddleware',
 'scrapy.downloadermiddlewares.httpauth.HttpAuthMiddleware',
 'scrapy.downloadermiddlewares.downloadtimeout.DownloadTimeoutMiddleware',
 'scrapy.downloadermiddlewares.defaultheaders.DefaultHeadersMiddleware',
 'scrapy.downloadermiddlewares.useragent.UserAgentMiddleware',
 'scrapy.downloadermiddlewares.retry.RetryMiddleware',
 'scrapy.downloadermiddlewares.redirect.MetaRefreshMiddleware',
 'scrapy.downloadermiddlewares.httpcompression.HttpCompressionMiddleware',
 'scrapy.downloadermiddlewares.redirect.RedirectMiddleware',
 'scrapy.downloadermiddlewares.httpproxy.HttpProxyMiddleware',
 'scrapy.downloadermiddlewares.stats.DownloaderStats']
2025-10-12 20:22:32 [scrapy.middleware] INFO: Enabled spider middlewares:
['scrapy.spidermiddlewares.start.StartSpiderMiddleware',
 'scrapy.spidermiddlewares.httperror.HttpErrorMiddleware',
 'scrapy.spidermiddlewares.referer.RefererMiddleware',
 'scrapy.spidermiddlewares.urllength.UrlLengthMiddleware',
 'scrapy.spidermiddlewares.depth.DepthMiddleware']
2025-10-12 20:22:32 [scrapy.middleware] INFO: Enabled item pipelines:
[]
2025-10-12 20:22:32 [scrapy.core.engine] INFO: Spider opened
2025-10-12 20:22:32 [py.warnings] WARNING: C:\Users\sheik\AppData\Roaming\Python\Python313\site-packages\scrapy\core\spidermw.py:433: ScrapyDeprecationWarning: usm_crawler.spiders.usm_spider.UsmSpider defines the deprecated start_requests() method. start_requests() has been deprecated in favor of a new method, start(), to support asynchronous code execution. start_requests() will stop being called in a future version of Scrapy. If you use Scrapy 2.13 or higher only, replace start_requests() with start(); note that start() is a coroutine (async def). If you need to maintain compatibility with lower Scrapy versions, when overriding start_requests() in a spider class, override start() as well; you can use super() to reuse the inherited start() implementation without copy-pasting. See the release notes of Scrapy 2.13 for details: https://docs.scrapy.org/en/2.13/news.html
  warn(

2025-10-12 20:22:32 [scrapy.extensions.logstats] INFO: Crawled 0 pages (at 0 pages/min), scraped 0 items (at 0 items/min)
2025-10-12 20:22:34 [usm_spider] INFO: Skipping https://www.usm.edu/academics/ - insufficient content
2025-10-12 20:22:35 [usm_spider] INFO: Skipping https://www.usm.edu/research/ - insufficient content
2025-10-12 20:22:35 [usm_spider] WARNING: Skipping https://www.usm.edu/about-usm/ - Status: 404
2025-10-12 20:22:35 [usm_spider] WARNING: Skipping https://www.usm.edu/events/ - Status: 404
2025-10-12 20:22:35 [usm_spider] WARNING: Skipping https://www.usm.edu/faculty/ - Status: 404
2025-10-12 20:22:35 [usm_spider] WARNING: Skipping https://www.usm.edu/staff/ - Status: 404
2025-10-12 20:22:35 [usm_spider] WARNING: Skipping https://www.usm.edu/alumni/ - Status: 404
2025-10-12 20:22:36 [usm_spider] INFO: Skipping https://www.usm.edu/athletics/ - insufficient content
2025-10-12 20:22:36 [usm_spider] WARNING: Skipping https://www.usm.edu/libraries/ - Status: 404
2025-10-12 20:22:36 [usm_spider] WARNING: Skipping https://www.usm.edu/online/ - Status: 404
2025-10-12 20:22:36 [usm_spider] WARNING: Skipping https://www.usm.edu/graduate/ - Status: 404
2025-10-12 20:22:36 [usm_spider] WARNING: Skipping https://www.usm.edu/undergraduate/ - Status: 404
2025-10-12 20:22:36 [usm_spider] WARNING: Skipping https://www.usm.edu/international/ - Status: 404
2025-10-12 20:22:36 [usm_spider] INFO: Skipping https://www.usm.edu/housing/ - insufficient content
2025-10-12 20:22:37 [usm_spider] WARNING: Skipping https://www.usm.edu/dining/ - Status: 404
2025-10-12 20:22:37 [usm_spider] WARNING: Skipping https://www.usm.edu/health/ - Status: 404
2025-10-12 20:22:37 [usm_spider] WARNING: Skipping https://www.usm.edu/career/ - Status: 404
2025-10-12 20:22:37 [usm_spider] WARNING: Skipping https://www.usm.edu/bursar/ - Status: 404
2025-10-12 20:22:37 [usm_spider] WARNING: Skipping https://www.usm.edu/technology/ - Status: 404
2025-10-12 20:22:37 [usm_spider] WARNING: Skipping https://www.usm.edu/security/ - Status: 404
2025-10-12 20:22:37 [usm_spider] INFO: Skipping https://www.usm.edu/parking/ - insufficient content
2025-10-12 20:22:37 [usm_spider] WARNING: Skipping https://www.usm.edu/transportation/ - Status: 404
2025-10-12 20:22:37 [scrapy.core.engine] INFO: Closing spider (finished)
2025-10-12 20:22:37 [usm_spider] INFO: Spider closed: finished
2025-10-12 20:22:37 [usm_spider] INFO: Total pages crawled: 30
2025-10-12 20:22:37 [usm_spider] INFO: Total results saved: 8
2025-10-12 20:22:37 [usm_spider] INFO: Saved 8 results to usm_crawl_results_20251012_202232.json
2025-10-12 20:22:37 [usm_spider] INFO: Average content length: 1564 characters
2025-10-12 20:22:37 [usm_spider] INFO: Total content: 12,508 characters
2025-10-12 20:22:37 [scrapy.statscollectors] INFO: Dumping Scrapy stats:
{'downloader/request_bytes': 6980,
 'downloader/request_count': 31,
 'downloader/request_method_count/GET': 31,
 'downloader/response_bytes': 838313,
 'downloader/response_count': 31,
 'downloader/response_status_count/200': 9,
 'downloader/response_status_count/301': 3,
 'downloader/response_status_count/302': 2,
 'downloader/response_status_count/404': 17,
 'elapsed_time_seconds': 5.099795,
 'finish_reason': 'finished',
 'finish_time': datetime.datetime(2025, 10, 13, 1, 22, 37, 949717, tzinfo=datetime.timezone.utc),
 'httpcompression/response_bytes': 435876,
 'httpcompression/response_count': 9,
 'items_per_minute': 0.0,
 'log_count/INFO': 19,
 'log_count/WARNING': 19,
 'memdebug/gc_garbage_count': 0,
 'memdebug/live_refs/UsmSpider': 1,
 'response_received_count': 31,
 'responses_per_minute': 372.0,
 'robotstxt/request_count': 1,
 'robotstxt/response_count': 1,
 'robotstxt/response_status_count/200': 1,
 'scheduler/dequeued': 30,
 'scheduler/dequeued/memory': 30,
 'scheduler/enqueued': 30,
 'scheduler/enqueued/memory': 30,
 'start_time': datetime.datetime(2025, 10, 13, 1, 22, 32, 849922, tzinfo=datetime.timezone.utc)}
2025-10-12 20:22:37 [scrapy.core.engine] INFO: Spider closed (finished)
